c:\users\sridhar\desktop\ood_proj3\latest_version_ood_proj3_final_sridhar_ganapathy\ood_proj4_final_sridhar_ganapathy\executive\debug\vc120.pdb
c:\users\sridhar\desktop\ood_proj3\latest_version_ood_proj3_final_sridhar_ganapathy\ood_proj4_final_sridhar_ganapathy\executive\debug\vc120.idb
c:\users\sridhar\desktop\ood_proj3\latest_version_ood_proj3_final_sridhar_ganapathy\ood_proj4_final_sridhar_ganapathy\executive\debug\applicationhelper.obj
c:\users\sridhar\desktop\ood_proj3\latest_version_ood_proj3_final_sridhar_ganapathy\ood_proj4_final_sridhar_ganapathy\executive\debug\client.obj
c:\users\sridhar\desktop\ood_proj3\latest_version_ood_proj3_final_sridhar_ganapathy\ood_proj4_final_sridhar_ganapathy\executive\debug\cpp11_blockingqueue.obj
c:\users\sridhar\desktop\ood_proj3\latest_version_ood_proj3_final_sridhar_ganapathy\ood_proj4_final_sridhar_ganapathy\executive\debug\datastore.obj
c:\users\sridhar\desktop\ood_proj3\latest_version_ood_proj3_final_sridhar_ganapathy\ood_proj4_final_sridhar_ganapathy\executive\debug\filemgr.obj
c:\users\sridhar\desktop\ood_proj3\latest_version_ood_proj3_final_sridhar_ganapathy\ood_proj4_final_sridhar_ganapathy\executive\debug\filesystem.obj
c:\users\sridhar\desktop\ood_proj3\latest_version_ood_proj3_final_sridhar_ganapathy\ood_proj4_final_sridhar_ganapathy\executive\debug\futures.obj
c:\users\sridhar\desktop\ood_proj3\latest_version_ood_proj3_final_sridhar_ganapathy\ood_proj4_final_sridhar_ganapathy\executive\debug\messagehandler.obj
c:\users\sridhar\desktop\ood_proj3\latest_version_ood_proj3_final_sridhar_ganapathy\ood_proj4_final_sridhar_ganapathy\executive\debug\receiver.obj
c:\users\sridhar\desktop\ood_proj3\latest_version_ood_proj3_final_sridhar_ganapathy\ood_proj4_final_sridhar_ganapathy\executive\debug\sender.obj
c:\users\sridhar\desktop\ood_proj3\latest_version_ood_proj3_final_sridhar_ganapathy\ood_proj4_final_sridhar_ganapathy\executive\debug\server.obj
c:\users\sridhar\desktop\ood_proj3\latest_version_ood_proj3_final_sridhar_ganapathy\ood_proj4_final_sridhar_ganapathy\executive\debug\socket.obj
c:\users\sridhar\desktop\ood_proj3\latest_version_ood_proj3_final_sridhar_ganapathy\ood_proj4_final_sridhar_ganapathy\executive\debug\windowshelper.obj
c:\users\sridhar\desktop\ood_proj3\latest_version_ood_proj3_final_sridhar_ganapathy\ood_proj4_final_sridhar_ganapathy\executive\debug\executive.obj
c:\users\sridhar\desktop\ood_proj3\latest_version_ood_proj3_final_sridhar_ganapathy\ood_proj4_final_sridhar_ganapathy\debug\executive.ilk
c:\users\sridhar\desktop\ood_proj3\latest_version_ood_proj3_final_sridhar_ganapathy\ood_proj4_final_sridhar_ganapathy\debug\executive.exe
c:\users\sridhar\desktop\ood_proj3\latest_version_ood_proj3_final_sridhar_ganapathy\ood_proj4_final_sridhar_ganapathy\debug\executive.pdb
c:\users\sridhar\desktop\ood_proj3\latest_version_ood_proj3_final_sridhar_ganapathy\ood_proj4_final_sridhar_ganapathy\executive\debug\executive.tlog\cl.command.1.tlog
c:\users\sridhar\desktop\ood_proj3\latest_version_ood_proj3_final_sridhar_ganapathy\ood_proj4_final_sridhar_ganapathy\executive\debug\executive.tlog\cl.read.1.tlog
c:\users\sridhar\desktop\ood_proj3\latest_version_ood_proj3_final_sridhar_ganapathy\ood_proj4_final_sridhar_ganapathy\executive\debug\executive.tlog\cl.write.1.tlog
c:\users\sridhar\desktop\ood_proj3\latest_version_ood_proj3_final_sridhar_ganapathy\ood_proj4_final_sridhar_ganapathy\executive\debug\executive.tlog\link.command.1.tlog
c:\users\sridhar\desktop\ood_proj3\latest_version_ood_proj3_final_sridhar_ganapathy\ood_proj4_final_sridhar_ganapathy\executive\debug\executive.tlog\link.read.1.tlog
c:\users\sridhar\desktop\ood_proj3\latest_version_ood_proj3_final_sridhar_ganapathy\ood_proj4_final_sridhar_ganapathy\executive\debug\executive.tlog\link.write.1.tlog
